<?xml version="1.0" encoding="UTF-8"?>
<testsuite xmlns:xsi="http://www.w3.org/2001/XMLSchema-instance" xsi:noNamespaceSchemaLocation="https://maven.apache.org/surefire/maven-surefire-plugin/xsd/surefire-test-report.xsd" name="Homework4Test" time="0.032" tests="37" errors="0" skipped="0" failures="0">
  <properties>
[...]
</properties>
  <testcase name="testStudentDefaultMonth" classname="Homework4Test" time="0.005"/>
  <testcase name="testStudentDefaultDay" classname="Homework4Test" time="0"/>
  <testcase name="invalidCreditsDaySummer" classname="Homework4Test" time="0.001"/>
  <testcase name="testDayApril10" classname="Homework4Test" time="0"/>
  <testcase name="testDayApril11" classname="Homework4Test" time="0"/>
  <testcase name="testDayApril12" classname="Homework4Test" time="0.001"/>
  <testcase name="invalidSemesterDay" classname="Homework4Test" time="0"/>
  <testcase name="testSummerDate" classname="Homework4Test" time="0"/>
  <testcase name="testDayApril1" classname="Homework4Test" time="0.001"/>
  <testcase name="testDayApril2" classname="Homework4Test" time="0"/>
  <testcase name="testDayApril3" classname="Homework4Test" time="0.001"/>
  <testcase name="testDayApril4" classname="Homework4Test" time="0"/>
  <testcase name="testDayApril5" classname="Homework4Test" time="0.001"/>
  <testcase name="testDayApril6" classname="Homework4Test" time="0"/>
  <testcase name="testDayApril7" classname="Homework4Test" time="0.001"/>
  <testcase name="testDayApril8" classname="Homework4Test" time="0.001"/>
  <testcase name="testDayApril9" classname="Homework4Test" time="0.001"/>
  <testcase name="testDayNovember10" classname="Homework4Test" time="0"/>
  <testcase name="testDayNovember11" classname="Homework4Test" time="0.001"/>
  <testcase name="testDayNovember12" classname="Homework4Test" time="0"/>
  <testcase name="testSpringDate" classname="Homework4Test" time="0"/>
  <testcase name="testStudentSpring" classname="Homework4Test" time="0.001"/>
  <testcase name="testStudentSummer" classname="Homework4Test" time="0"/>
  <testcase name="invalidSemesterMonth" classname="Homework4Test" time="0.001"/>
  <testcase name="invalidCreditsDay" classname="Homework4Test" time="0.001"/>
  <testcase name="testFallDate" classname="Homework4Test" time="0"/>
  <testcase name="testStudentFall" classname="Homework4Test" time="0"/>
  <testcase name="testDayNovember1" classname="Homework4Test" time="0"/>
  <testcase name="testDayNovember2" classname="Homework4Test" time="0"/>
  <testcase name="testDayNovember3" classname="Homework4Test" time="0.001"/>
  <testcase name="testDayNovember4" classname="Homework4Test" time="0"/>
  <testcase name="testDayNovember5" classname="Homework4Test" time="0"/>
  <testcase name="testDayNovember6" classname="Homework4Test" time="0.001"/>
  <testcase name="testDayNovember7" classname="Homework4Test" time="0"/>
  <testcase name="testDayNovember8" classname="Homework4Test" time="0.001"/>
  <testcase name="testDayNovember9" classname="Homework4Test" time="0"/>
  <testcase name="testStudentErrorSemester" classname="Homework4Test" time="0"/>
</testsuite>